
Showing logs for build [32mcb-kubecd-bdd-gh-1585010474-pr-cd7r4-1[0m stage [32mfrom-build-pack[0m and container [32mstep-credential-initializer-98jth[0m
{"level":"warn","ts":1585011858.761828,"logger":"fallback-logger","caller":"logging/config.go:69","msg":"Fetch GitHub commit ID from kodata failed: \"ref: refs/heads/0.8.0-**-support-backwards-incompats\" is not a valid GitHub commit ID"}
{"level":"info","ts":1585011858.76231,"logger":"fallback-logger","caller":"creds-init/main.go:40","msg":"Credentials initialized."}

Showing logs for build [32mcb-kubecd-bdd-gh-1585010474-pr-cd7r4-1[0m stage [32mfrom-build-pack[0m and container [32mstep-working-dir-initializer-hwlgd[0m
{"level":"warn","ts":1585011860.1304488,"logger":"fallback-logger","caller":"logging/config.go:69","msg":"Fetch GitHub commit ID from kodata failed: open /var/run/ko/HEAD: no such file or directory"}
{"level":"info","ts":1585011860.1331615,"logger":"fallback-logger","caller":"bash/main.go:64","msg":"Successfully executed command \"sh -c mkdir -p /workspace/source\"; output "}

Showing logs for build [32mcb-kubecd-bdd-gh-1585010474-pr-cd7r4-1[0m stage [32mfrom-build-pack[0m and container [32mstep-place-tools[0m

Showing logs for build [32mcb-kubecd-bdd-gh-1585010474-pr-cd7r4-1[0m stage [32mfrom-build-pack[0m and container [32mstep-git-source-cb-kubecd-bdd-gh-1585010474-pr-cd7r4-khgfv[0m
{"level":"warn","ts":1585011866.2673082,"logger":"fallback-logger","caller":"logging/config.go:69","msg":"Fetch GitHub commit ID from kodata failed: \"ref: refs/heads/0.8.0-**-support-backwards-incompats\" is not a valid GitHub commit ID"}
{"level":"info","ts":1585011867.3331695,"logger":"fallback-logger","caller":"git/git.go:103","msg":"Successfully cloned https://github.com/cb-kubecd/bdd-gh-1585010474.git @ master in path /workspace/source"}

Showing logs for build [32mcb-kubecd-bdd-gh-1585010474-pr-cd7r4-1[0m stage [32mfrom-build-pack[0m and container [32mstep-git-merge[0m
Using SHAs from PULL_REFS=master:d4da38f568f6bb3e0cb2736c6b33fb5036173757,1:e85cf4d66d64743036ccd2833834218ebaa10d68
DEBUG: LC_ALL=C JX_LOG_LEVEL=error git fetch origin --unshallow e85cf4d66d64743036ccd2833834218ebaa10d68: d4da38f568f6bb3e0cb2736c6b33fb5036173757:
DEBUG: ran git fetch --unshallow origin e85cf4d66d64743036ccd2833834218ebaa10d68: d4da38f568f6bb3e0cb2736c6b33fb5036173757: in 
DEBUG: JX_LOG_LEVEL=error LC_ALL=C git branch
DEBUG: LC_ALL=C JX_LOG_LEVEL=error git checkout master
DEBUG: ran git checkout master in 
DEBUG: JX_LOG_LEVEL=error LC_ALL=C git reset --hard d4da38f568f6bb3e0cb2736c6b33fb5036173757
DEBUG: ran git reset --hard d4da38f568f6bb3e0cb2736c6b33fb5036173757 in 
DEBUG: LC_ALL=C JX_LOG_LEVEL=error git clean -fd .
DEBUG: ran clean --force -d . in 
DEBUG: LC_ALL=C JX_LOG_LEVEL=error git merge e85cf4d66d64743036ccd2833834218ebaa10d68
DEBUG: ran git merge e85cf4d66d64743036ccd2833834218ebaa10d68 in 
DEBUG: LC_ALL=C JX_LOG_LEVEL=error git log --format=%H%x1f%an%x1f%ae%x1f%cn%x1f%ce%x1f%s%n%b%x1e d4da38f568f6bb3e0cb2736c6b33fb5036173757..HEAD
Merged SHA e85cf4d66d64743036ccd2833834218ebaa10d68 with commit message 'My first PR commit' into base branch master

Showing logs for build [32mcb-kubecd-bdd-gh-1585010474-pr-cd7r4-1[0m stage [32mfrom-build-pack[0m and container [32mstep-build-make-linux[0m
CGO_ENABLED=0 GOOS=linux GOARCH=amd64 GO15VENDOREXPERIMENT=1 go build -ldflags '' -o bin/bdd-gh-1585010474 main.go

Showing logs for build [32mcb-kubecd-bdd-gh-1585010474-pr-cd7r4-1[0m stage [32mfrom-build-pack[0m and container [32mstep-build-container-build[0m
[36mINFO[0m[0000] No base image, nothing to extract            
[36mINFO[0m[0000] cmd: EXPOSE                                  
[36mINFO[0m[0000] Adding exposed port: 8080/tcp                
[36mINFO[0m[0000] Using files from context: [/workspace/source/bin] 
[36mINFO[0m[0000] Skipping unpacking as no commands require it. 
[36mINFO[0m[0000] Taking snapshot of full filesystem...        
[36mINFO[0m[0000] EXPOSE 8080                                  
[36mINFO[0m[0000] cmd: EXPOSE                                  
[36mINFO[0m[0000] Adding exposed port: 8080/tcp                
[36mINFO[0m[0000] No files changed in this command, skipping snapshotting. 
[36mINFO[0m[0000] ENTRYPOINT ["/bdd-gh-1585010474"]            
[36mINFO[0m[0000] No files changed in this command, skipping snapshotting. 
[36mINFO[0m[0000] Using files from context: [/workspace/source/bin] 
[36mINFO[0m[0000] COPY ./bin/ /                                
[36mINFO[0m[0000] Taking snapshot of files...                  
2020/03/24 01:04:43 pushed blob: sha256:59c1ab2204eb6b8fda764bf715f0c642d971c65ffca73b48c8b4b5a80e1c587c
2020/03/24 01:04:44 pushed blob: sha256:dd40fab00a5c085a85cfed97987d6c2b49c0de53536646254f6aab5bcaddfc65
2020/03/24 01:04:46 gcr.io/jenkins-x-bdd3/bdd-gh-1585010474:0.0.0-SNAPSHOT-PR-1-1: digest: sha256:e6d0b559e2c7bd40fa12b47d38589d227dc95774569804a852b70296737d78ad size: 428

Showing logs for build [32mcb-kubecd-bdd-gh-1585010474-pr-cd7r4-1[0m stage [32mfrom-build-pack[0m and container [32mstep-postbuild-post-build[0m
no CVE provider running in the current ** namespace so skip adding image to be analysed

Showing logs for build [32mcb-kubecd-bdd-gh-1585010474-pr-cd7r4-1[0m stage [32mfrom-build-pack[0m and container [32mstep-promote-make-preview[0m
sed -i -e "s/version:.*/version: 0.0.0-SNAPSHOT-PR-1-1/" Chart.yaml
sed -i -e "s/version:.*/version: 0.0.0-SNAPSHOT-PR-1-1/" ../*/Chart.yaml
sed -i -e "s|repository:.*|repository: gcr.io\/jenkins-x-bdd3\/bdd-gh-1585010474|" values.yaml
sed -i -e "s/tag:.*/tag: 0.0.0-SNAPSHOT-PR-1-1/" values.yaml
echo "  version: 0.0.0-SNAPSHOT-PR-1-1" >> requirements.yaml
** step helm build
WARNING: No $CHART_REPOSITORY defined so using the default value of: http://jenkins-x-chartmuseum:8080
Adding missing Helm repo: storage.googleapis.com https://storage.googleapis.com/chartmuseum.jenkins-x.io
WARNING: No secrets found on "helm/repos" due: reading the secret "helm/repos" from vault: no secret "helm/repos" not found in vault
Read credentials for https://storage.googleapis.com/chartmuseum.jenkins-x.io from vault helm/repos
Successfully added Helm repository storage.googleapis.com.
Adding missing Helm repo: jenkins-x-chartmuseum http://jenkins-x-chartmuseum:8080
WARNING: No secrets found on "helm/repos" due: reading the secret "helm/repos" from vault: no secret "helm/repos" not found in vault
Read credentials for http://jenkins-x-chartmuseum:8080 from vault helm/repos
Successfully added Helm repository jenkins-x-chartmuseum.
WARNING: No $CHART_REPOSITORY defined so using the default value of: http://jenkins-x-chartmuseum:8080
Adding missing Helm repo: chartmuseum.jenkins-x.io http://chartmuseum.jenkins-x.io
WARNING: No secrets found on "helm/repos" due: reading the secret "helm/repos" from vault: no secret "helm/repos" not found in vault
Read credentials for http://chartmuseum.jenkins-x.io from vault helm/repos
Successfully added Helm repository chartmuseum.jenkins-x.io.

Showing logs for build [32mcb-kubecd-bdd-gh-1585010474-pr-cd7r4-1[0m stage [32mfrom-build-pack[0m and container [32mstep-promote-jx-preview[0m
Creating a preview
Created environment cb-kubecd-bdd-gh-1585010474-pr-1
Namespace **-cb-kubecd-bdd-gh-1585010474-pr-1 created 
expose:
  Annotations:
    helm.sh/hook: post-install,post-upgrade
    helm.sh/hook-delete-policy: hook-succeeded
  config:
    domain: 35.241.244.71.nip.io
    exposer: Ingress
    http: "true"
preview:
  image:
    repository: gcr.io/jenkins-x-bdd3/bdd-gh-1585010474
    tag: 0.0.0-SNAPSHOT-PR-1-1

Updating PipelineActivities cb-kubecd-bdd-gh-1585010474-pr-1-1 which has status Running
Preview application is now available at: http://bdd-gh-1585010474.**-cb-kubecd-bdd-gh-1585010474-pr-1.35.241.244.71.nip.io
